<?xml version="1.0" encoding="UTF-8"?>
<!-- Generated by org.testng.reporters.JUnitReportReporter -->
<testsuite skipped="0" hostname="parinder-TP550LAB" name="Rediff.com_TestCases.HompageTestCase_POF" tests="1" failures="0" timestamp="03 Dec 2018 23:22:04 GMT" time="46.995" errors="0">
  <testcase name="homeTest" time="46.995" classname="Rediff.com_TestCases.HompageTestCase_POF"/>
</testsuite> <!-- Rediff.com_TestCases.HompageTestCase_POF -->
