<?xml version="1.0" encoding="UTF-8"?>
<!-- Generated by org.testng.reporters.JUnitReportReporter -->
<testsuite skipped="0" hostname="parinder-TP550LAB" name="Rediff.com_TestCases.HompageTestCase" tests="1" failures="0" timestamp="20 Nov 2018 06:31:42 GMT" time="46.128" errors="0">
  <testcase name="homeTest" time="46.128" classname="Rediff.com_TestCases.HompageTestCase"/>
</testsuite> <!-- Rediff.com_TestCases.HompageTestCase -->
